::1 - - [10/Apr/2022:08:30:56 +0000] "GET /api-docs/ HTTP/1.1" 200 3102 "-" "Mozilla/5.0 (Macintosh; Intel Mac OS X 10_15_7) AppleWebKit/605.1.15 (KHTML, like Gecko) Version/14.1.2 Safari/605.1.15"
::1 - - [10/Apr/2022:08:30:56 +0000] "GET /api-docs/swagger-ui.css HTTP/1.1" 304 - "http://localhost:5000/api-docs/" "Mozilla/5.0 (Macintosh; Intel Mac OS X 10_15_7) AppleWebKit/605.1.15 (KHTML, like Gecko) Version/14.1.2 Safari/605.1.15"
::1 - - [10/Apr/2022:08:30:56 +0000] "GET /api-docs/swagger-ui-init.js HTTP/1.1" 200 20215 "http://localhost:5000/api-docs/" "Mozilla/5.0 (Macintosh; Intel Mac OS X 10_15_7) AppleWebKit/605.1.15 (KHTML, like Gecko) Version/14.1.2 Safari/605.1.15"
::1 - - [10/Apr/2022:08:30:56 +0000] "GET /api-docs/swagger-ui-standalone-preset.js HTTP/1.1" 304 - "http://localhost:5000/api-docs/" "Mozilla/5.0 (Macintosh; Intel Mac OS X 10_15_7) AppleWebKit/605.1.15 (KHTML, like Gecko) Version/14.1.2 Safari/605.1.15"
::1 - - [10/Apr/2022:08:30:56 +0000] "GET /api-docs/swagger-ui-bundle.js HTTP/1.1" 304 - "http://localhost:5000/api-docs/" "Mozilla/5.0 (Macintosh; Intel Mac OS X 10_15_7) AppleWebKit/605.1.15 (KHTML, like Gecko) Version/14.1.2 Safari/605.1.15"
::1 - - [10/Apr/2022:08:31:35 +0000] "GET /api-docs/ HTTP/1.1" 200 3102 "-" "Mozilla/5.0 (Macintosh; Intel Mac OS X 10_15_7) AppleWebKit/605.1.15 (KHTML, like Gecko) Version/14.1.2 Safari/605.1.15"
::1 - - [10/Apr/2022:08:31:35 +0000] "GET /api-docs/swagger-ui.css HTTP/1.1" 304 - "http://localhost:5000/api-docs/" "Mozilla/5.0 (Macintosh; Intel Mac OS X 10_15_7) AppleWebKit/605.1.15 (KHTML, like Gecko) Version/14.1.2 Safari/605.1.15"
::1 - - [10/Apr/2022:08:31:35 +0000] "GET /api-docs/swagger-ui-init.js HTTP/1.1" 200 20141 "http://localhost:5000/api-docs/" "Mozilla/5.0 (Macintosh; Intel Mac OS X 10_15_7) AppleWebKit/605.1.15 (KHTML, like Gecko) Version/14.1.2 Safari/605.1.15"
::1 - - [10/Apr/2022:08:31:35 +0000] "GET /api-docs/swagger-ui-standalone-preset.js HTTP/1.1" 304 - "http://localhost:5000/api-docs/" "Mozilla/5.0 (Macintosh; Intel Mac OS X 10_15_7) AppleWebKit/605.1.15 (KHTML, like Gecko) Version/14.1.2 Safari/605.1.15"
::1 - - [10/Apr/2022:08:31:35 +0000] "GET /api-docs/swagger-ui-bundle.js HTTP/1.1" 304 - "http://localhost:5000/api-docs/" "Mozilla/5.0 (Macintosh; Intel Mac OS X 10_15_7) AppleWebKit/605.1.15 (KHTML, like Gecko) Version/14.1.2 Safari/605.1.15"
::1 - - [10/Apr/2022:08:34:51 +0000] "GET /api-docs/ HTTP/1.1" 200 3102 "-" "Mozilla/5.0 (Macintosh; Intel Mac OS X 10_15_7) AppleWebKit/605.1.15 (KHTML, like Gecko) Version/14.1.2 Safari/605.1.15"
::1 - - [10/Apr/2022:08:34:51 +0000] "GET /api-docs/swagger-ui.css HTTP/1.1" 304 - "http://localhost:5000/api-docs/" "Mozilla/5.0 (Macintosh; Intel Mac OS X 10_15_7) AppleWebKit/605.1.15 (KHTML, like Gecko) Version/14.1.2 Safari/605.1.15"
::1 - - [10/Apr/2022:08:34:51 +0000] "GET /api-docs/swagger-ui-init.js HTTP/1.1" 200 20216 "http://localhost:5000/api-docs/" "Mozilla/5.0 (Macintosh; Intel Mac OS X 10_15_7) AppleWebKit/605.1.15 (KHTML, like Gecko) Version/14.1.2 Safari/605.1.15"
::1 - - [10/Apr/2022:08:34:51 +0000] "GET /api-docs/swagger-ui-bundle.js HTTP/1.1" 304 - "http://localhost:5000/api-docs/" "Mozilla/5.0 (Macintosh; Intel Mac OS X 10_15_7) AppleWebKit/605.1.15 (KHTML, like Gecko) Version/14.1.2 Safari/605.1.15"
::1 - - [10/Apr/2022:08:34:51 +0000] "GET /api-docs/swagger-ui-standalone-preset.js HTTP/1.1" 304 - "http://localhost:5000/api-docs/" "Mozilla/5.0 (Macintosh; Intel Mac OS X 10_15_7) AppleWebKit/605.1.15 (KHTML, like Gecko) Version/14.1.2 Safari/605.1.15"
::1 - - [10/Apr/2022:08:34:51 +0000] "GET /api-docs/favicon-16x16.png HTTP/1.1" 304 - "http://localhost:5000/api-docs/" "Mozilla/5.0 (Macintosh; Intel Mac OS X 10_15_7) AppleWebKit/605.1.15 (KHTML, like Gecko) Version/14.1.2 Safari/605.1.15"
::1 - - [10/Apr/2022:08:40:27 +0000] "GET /api-docs/ HTTP/1.1" 200 3102 "-" "Mozilla/5.0 (Macintosh; Intel Mac OS X 10_15_7) AppleWebKit/605.1.15 (KHTML, like Gecko) Version/14.1.2 Safari/605.1.15"
::1 - - [10/Apr/2022:08:40:27 +0000] "GET /api-docs/swagger-ui.css HTTP/1.1" 304 - "http://localhost:5000/api-docs/" "Mozilla/5.0 (Macintosh; Intel Mac OS X 10_15_7) AppleWebKit/605.1.15 (KHTML, like Gecko) Version/14.1.2 Safari/605.1.15"
::1 - - [10/Apr/2022:08:40:27 +0000] "GET /api-docs/swagger-ui-init.js HTTP/1.1" 200 20336 "http://localhost:5000/api-docs/" "Mozilla/5.0 (Macintosh; Intel Mac OS X 10_15_7) AppleWebKit/605.1.15 (KHTML, like Gecko) Version/14.1.2 Safari/605.1.15"
::1 - - [10/Apr/2022:08:40:27 +0000] "GET /api-docs/swagger-ui-standalone-preset.js HTTP/1.1" 304 - "http://localhost:5000/api-docs/" "Mozilla/5.0 (Macintosh; Intel Mac OS X 10_15_7) AppleWebKit/605.1.15 (KHTML, like Gecko) Version/14.1.2 Safari/605.1.15"
::1 - - [10/Apr/2022:08:40:27 +0000] "GET /api-docs/swagger-ui-bundle.js HTTP/1.1" 304 - "http://localhost:5000/api-docs/" "Mozilla/5.0 (Macintosh; Intel Mac OS X 10_15_7) AppleWebKit/605.1.15 (KHTML, like Gecko) Version/14.1.2 Safari/605.1.15"
::1 - - [10/Apr/2022:08:40:52 +0000] "POST /api/users/register HTTP/1.1" 404 158 "http://localhost:5000/api-docs/" "Mozilla/5.0 (Macintosh; Intel Mac OS X 10_15_7) AppleWebKit/605.1.15 (KHTML, like Gecko) Version/14.1.2 Safari/605.1.15"
::1 - - [10/Apr/2022:08:42:29 +0000] "GET /api-docs/ HTTP/1.1" 200 3102 "-" "Mozilla/5.0 (Macintosh; Intel Mac OS X 10_15_7) AppleWebKit/605.1.15 (KHTML, like Gecko) Version/14.1.2 Safari/605.1.15"
::1 - - [10/Apr/2022:08:42:29 +0000] "GET /api-docs/swagger-ui.css HTTP/1.1" 304 - "http://localhost:5000/api-docs/" "Mozilla/5.0 (Macintosh; Intel Mac OS X 10_15_7) AppleWebKit/605.1.15 (KHTML, like Gecko) Version/14.1.2 Safari/605.1.15"
::1 - - [10/Apr/2022:08:42:29 +0000] "GET /api-docs/swagger-ui-init.js HTTP/1.1" 304 - "http://localhost:5000/api-docs/" "Mozilla/5.0 (Macintosh; Intel Mac OS X 10_15_7) AppleWebKit/605.1.15 (KHTML, like Gecko) Version/14.1.2 Safari/605.1.15"
::1 - - [10/Apr/2022:08:42:29 +0000] "GET /api-docs/swagger-ui-standalone-preset.js HTTP/1.1" 304 - "http://localhost:5000/api-docs/" "Mozilla/5.0 (Macintosh; Intel Mac OS X 10_15_7) AppleWebKit/605.1.15 (KHTML, like Gecko) Version/14.1.2 Safari/605.1.15"
::1 - - [10/Apr/2022:08:42:29 +0000] "GET /api-docs/swagger-ui-bundle.js HTTP/1.1" 304 - "http://localhost:5000/api-docs/" "Mozilla/5.0 (Macintosh; Intel Mac OS X 10_15_7) AppleWebKit/605.1.15 (KHTML, like Gecko) Version/14.1.2 Safari/605.1.15"
::1 - - [10/Apr/2022:08:42:50 +0000] "POST /api/users/register HTTP/1.1" 404 158 "http://localhost:5000/api-docs/" "Mozilla/5.0 (Macintosh; Intel Mac OS X 10_15_7) AppleWebKit/605.1.15 (KHTML, like Gecko) Version/14.1.2 Safari/605.1.15"
