::1 - - [22/Apr/2022:19:01:46 +0000] "GET /api/posts/myPost HTTP/1.1" 500 234 "-" "PostmanRuntime/7.29.0"
::1 - - [22/Apr/2022:19:02:21 +0000] "GET /api/posts/myPost HTTP/1.1" 500 234 "-" "PostmanRuntime/7.29.0"
::1 - - [22/Apr/2022:19:02:22 +0000] "GET /api/posts/myPost HTTP/1.1" 500 234 "-" "PostmanRuntime/7.29.0"
::1 - - [22/Apr/2022:19:02:54 +0000] "GET /api/posts/myPost HTTP/1.1" 500 234 "-" "PostmanRuntime/7.29.0"
::1 - - [22/Apr/2022:19:02:55 +0000] "GET /api/posts/myPost HTTP/1.1" 500 234 "-" "PostmanRuntime/7.29.0"
::1 - - [22/Apr/2022:19:02:57 +0000] "GET /api/posts/myPost HTTP/1.1" 500 234 "-" "PostmanRuntime/7.29.0"
::1 - - [22/Apr/2022:19:02:57 +0000] "GET /api/posts/myPost HTTP/1.1" 500 234 "-" "PostmanRuntime/7.29.0"
::1 - - [22/Apr/2022:19:03:27 +0000] "POST /api/auth/login HTTP/1.1" 200 315 "-" "PostmanRuntime/7.29.0"
::1 - - [22/Apr/2022:19:04:10 +0000] "GET /api/posts/myPost HTTP/1.1" 500 234 "-" "PostmanRuntime/7.29.0"
::1 - - [22/Apr/2022:19:04:11 +0000] "GET /api/posts/myPost HTTP/1.1" 500 234 "-" "PostmanRuntime/7.29.0"
::1 - - [22/Apr/2022:19:04:12 +0000] "GET /api/posts/myPost HTTP/1.1" 500 234 "-" "PostmanRuntime/7.29.0"
::1 - - [22/Apr/2022:19:05:16 +0000] "GET /api/posts/myPost HTTP/1.1" 500 234 "-" "PostmanRuntime/7.29.0"
::1 - - [22/Apr/2022:19:05:17 +0000] "GET /api/posts/myPost HTTP/1.1" 500 234 "-" "PostmanRuntime/7.29.0"
::1 - - [22/Apr/2022:19:05:18 +0000] "GET /api/posts/myPost HTTP/1.1" 500 234 "-" "PostmanRuntime/7.29.0"
::1 - - [22/Apr/2022:19:05:32 +0000] "GET /api/posts/myPost HTTP/1.1" 500 234 "-" "PostmanRuntime/7.29.0"
::1 - - [22/Apr/2022:19:05:33 +0000] "GET /api/posts/myPost HTTP/1.1" 500 234 "-" "PostmanRuntime/7.29.0"
::1 - - [22/Apr/2022:19:06:45 +0000] "GET /api/posts/ HTTP/1.1" 200 23866 "-" "PostmanRuntime/7.29.0"
::1 - - [22/Apr/2022:19:07:14 +0000] "GET /api/posts/mypost HTTP/1.1" 401 20 "-" "PostmanRuntime/7.29.0"
::1 - - [22/Apr/2022:19:07:22 +0000] "GET /api/posts/mypost HTTP/1.1" 401 20 "-" "PostmanRuntime/7.29.0"
::1 - - [22/Apr/2022:19:07:23 +0000] "GET /api/posts/mypost HTTP/1.1" 401 20 "-" "PostmanRuntime/7.29.0"
::1 - - [22/Apr/2022:19:08:00 +0000] "POST /api/auth/login HTTP/1.1" 500 2 "-" "PostmanRuntime/7.29.0"
::1 - - [22/Apr/2022:19:08:22 +0000] "POST /api/auth/login HTTP/1.1" 500 2 "-" "PostmanRuntime/7.29.0"
::1 - - [22/Apr/2022:19:09:45 +0000] "GET /api-docs/ HTTP/1.1" 304 - "-" "Mozilla/5.0 (Macintosh; Intel Mac OS X 10_15_7) AppleWebKit/537.36 (KHTML, like Gecko) Chrome/100.0.4896.127 Safari/537.36"
::1 - - [22/Apr/2022:19:09:45 +0000] "GET /api-docs/swagger-ui.css HTTP/1.1" 304 - "http://localhost:5000/api-docs/" "Mozilla/5.0 (Macintosh; Intel Mac OS X 10_15_7) AppleWebKit/537.36 (KHTML, like Gecko) Chrome/100.0.4896.127 Safari/537.36"
::1 - - [22/Apr/2022:19:09:45 +0000] "GET /api-docs/swagger-ui-init.js HTTP/1.1" 304 - "http://localhost:5000/api-docs/" "Mozilla/5.0 (Macintosh; Intel Mac OS X 10_15_7) AppleWebKit/537.36 (KHTML, like Gecko) Chrome/100.0.4896.127 Safari/537.36"
::1 - - [22/Apr/2022:19:09:45 +0000] "GET /api-docs/swagger-ui-bundle.js HTTP/1.1" 304 - "http://localhost:5000/api-docs/" "Mozilla/5.0 (Macintosh; Intel Mac OS X 10_15_7) AppleWebKit/537.36 (KHTML, like Gecko) Chrome/100.0.4896.127 Safari/537.36"
::1 - - [22/Apr/2022:19:09:45 +0000] "GET /api-docs/swagger-ui-standalone-preset.js HTTP/1.1" 304 - "http://localhost:5000/api-docs/" "Mozilla/5.0 (Macintosh; Intel Mac OS X 10_15_7) AppleWebKit/537.36 (KHTML, like Gecko) Chrome/100.0.4896.127 Safari/537.36"
::1 - - [22/Apr/2022:19:11:59 +0000] "GET /api-docs/ HTTP/1.1" 304 - "-" "Mozilla/5.0 (Macintosh; Intel Mac OS X 10_15_7) AppleWebKit/537.36 (KHTML, like Gecko) Chrome/100.0.4896.127 Safari/537.36"
::1 - - [22/Apr/2022:19:11:59 +0000] "GET /api/users HTTP/1.1" - - "http://localhost:5000/api-docs/" "Mozilla/5.0 (Macintosh; Intel Mac OS X 10_15_7) AppleWebKit/537.36 (KHTML, like Gecko) Chrome/100.0.4896.127 Safari/537.36"
::1 - - [22/Apr/2022:19:11:59 +0000] "GET /api-docs/swagger-ui-bundle.js HTTP/1.1" 304 - "http://localhost:5000/api-docs/" "Mozilla/5.0 (Macintosh; Intel Mac OS X 10_15_7) AppleWebKit/537.36 (KHTML, like Gecko) Chrome/100.0.4896.127 Safari/537.36"
::1 - - [22/Apr/2022:19:11:59 +0000] "GET /api-docs/swagger-ui-init.js HTTP/1.1" 304 - "http://localhost:5000/api-docs/" "Mozilla/5.0 (Macintosh; Intel Mac OS X 10_15_7) AppleWebKit/537.36 (KHTML, like Gecko) Chrome/100.0.4896.127 Safari/537.36"
::1 - - [22/Apr/2022:19:11:59 +0000] "GET /api-docs/swagger-ui.css HTTP/1.1" 304 - "http://localhost:5000/api-docs/" "Mozilla/5.0 (Macintosh; Intel Mac OS X 10_15_7) AppleWebKit/537.36 (KHTML, like Gecko) Chrome/100.0.4896.127 Safari/537.36"
::1 - - [22/Apr/2022:19:11:59 +0000] "GET /api-docs/swagger-ui-standalone-preset.js HTTP/1.1" 304 - "http://localhost:5000/api-docs/" "Mozilla/5.0 (Macintosh; Intel Mac OS X 10_15_7) AppleWebKit/537.36 (KHTML, like Gecko) Chrome/100.0.4896.127 Safari/537.36"
::1 - - [22/Apr/2022:19:11:59 +0000] "GET /api-docs/favicon-32x32.png HTTP/1.1" 304 - "http://localhost:5000/api-docs/" "Mozilla/5.0 (Macintosh; Intel Mac OS X 10_15_7) AppleWebKit/537.36 (KHTML, like Gecko) Chrome/100.0.4896.127 Safari/537.36"
::1 - - [22/Apr/2022:19:14:50 +0000] "GET /api/users HTTP/1.1" 200 2262 "http://localhost:5000/api-docs/" "Mozilla/5.0 (Macintosh; Intel Mac OS X 10_15_7) AppleWebKit/537.36 (KHTML, like Gecko) Chrome/100.0.4896.127 Safari/537.36"
