::1 - - [10/Apr/2022:10:45:21 +0000] "POST /api/users/register?username=sampath123&email=sam123%40gmail.com&password=123456789 HTTP/1.1" 404 158 "http://localhost:5000/api-docs/" "Mozilla/5.0 (Macintosh; Intel Mac OS X 10_15_7) AppleWebKit/605.1.15 (KHTML, like Gecko) Version/14.1.2 Safari/605.1.15"
::ffff:127.0.0.1 - - [10/Apr/2022:10:46:18 +0000] "GET /api/categories HTTP/1.1" 304 - "http://localhost:3000/?user=deepak" "Mozilla/5.0 (Macintosh; Intel Mac OS X 10_15_7) AppleWebKit/605.1.15 (KHTML, like Gecko) Version/14.1.2 Safari/605.1.15"
::ffff:127.0.0.1 - - [10/Apr/2022:10:46:18 +0000] "GET /api/posts?user=deepak HTTP/1.1" 304 - "http://localhost:3000/?user=deepak" "Mozilla/5.0 (Macintosh; Intel Mac OS X 10_15_7) AppleWebKit/605.1.15 (KHTML, like Gecko) Version/14.1.2 Safari/605.1.15"
::ffff:127.0.0.1 - - [10/Apr/2022:10:46:18 +0000] "GET /api/events?user=deepak HTTP/1.1" 304 - "http://localhost:3000/?user=deepak" "Mozilla/5.0 (Macintosh; Intel Mac OS X 10_15_7) AppleWebKit/605.1.15 (KHTML, like Gecko) Version/14.1.2 Safari/605.1.15"
::ffff:127.0.0.1 - - [10/Apr/2022:10:46:18 +0000] "GET /api/users HTTP/1.1" 304 - "http://localhost:3000/?user=deepak" "Mozilla/5.0 (Macintosh; Intel Mac OS X 10_15_7) AppleWebKit/605.1.15 (KHTML, like Gecko) Version/14.1.2 Safari/605.1.15"
::1 - - [10/Apr/2022:10:46:18 +0000] "GET /images/1640949436036news.webp HTTP/1.1" 304 - "http://localhost:3000/?user=deepak" "Mozilla/5.0 (Macintosh; Intel Mac OS X 10_15_7) AppleWebKit/605.1.15 (KHTML, like Gecko) Version/14.1.2 Safari/605.1.15"
::1 - - [10/Apr/2022:10:46:18 +0000] "GET /images/1641710279454hindi1.jfif HTTP/1.1" 304 - "http://localhost:3000/?user=deepak" "Mozilla/5.0 (Macintosh; Intel Mac OS X 10_15_7) AppleWebKit/605.1.15 (KHTML, like Gecko) Version/14.1.2 Safari/605.1.15"
::1 - - [10/Apr/2022:10:46:18 +0000] "GET /images/1640949331898music.jpg HTTP/1.1" 304 - "http://localhost:3000/?user=deepak" "Mozilla/5.0 (Macintosh; Intel Mac OS X 10_15_7) AppleWebKit/605.1.15 (KHTML, like Gecko) Version/14.1.2 Safari/605.1.15"
::1 - - [10/Apr/2022:10:46:18 +0000] "GET /images/1641710158471telugu1.jpg HTTP/1.1" 304 - "http://localhost:3000/?user=deepak" "Mozilla/5.0 (Macintosh; Intel Mac OS X 10_15_7) AppleWebKit/605.1.15 (KHTML, like Gecko) Version/14.1.2 Safari/605.1.15"
::1 - - [10/Apr/2022:10:46:18 +0000] "GET /images/1640949296090pubg.jpg HTTP/1.1" 304 - "http://localhost:3000/?user=deepak" "Mozilla/5.0 (Macintosh; Intel Mac OS X 10_15_7) AppleWebKit/605.1.15 (KHTML, like Gecko) Version/14.1.2 Safari/605.1.15"
::1 - - [10/Apr/2022:10:46:18 +0000] "GET /images/1640949684843cod.jpg HTTP/1.1" 304 - "http://localhost:3000/?user=deepak" "Mozilla/5.0 (Macintosh; Intel Mac OS X 10_15_7) AppleWebKit/605.1.15 (KHTML, like Gecko) Version/14.1.2 Safari/605.1.15"
::1 - - [10/Apr/2022:10:52:16 +0000] "GET /api-docs/ HTTP/1.1" 200 3102 "-" "Mozilla/5.0 (Macintosh; Intel Mac OS X 10_15_7) AppleWebKit/605.1.15 (KHTML, like Gecko) Version/14.1.2 Safari/605.1.15"
::1 - - [10/Apr/2022:10:52:16 +0000] "GET /api-docs/swagger-ui.css HTTP/1.1" 304 - "http://localhost:5000/api-docs/" "Mozilla/5.0 (Macintosh; Intel Mac OS X 10_15_7) AppleWebKit/605.1.15 (KHTML, like Gecko) Version/14.1.2 Safari/605.1.15"
::1 - - [10/Apr/2022:10:52:16 +0000] "GET /api-docs/swagger-ui-init.js HTTP/1.1" 200 19900 "http://localhost:5000/api-docs/" "Mozilla/5.0 (Macintosh; Intel Mac OS X 10_15_7) AppleWebKit/605.1.15 (KHTML, like Gecko) Version/14.1.2 Safari/605.1.15"
::1 - - [10/Apr/2022:10:52:16 +0000] "GET /api-docs/swagger-ui-standalone-preset.js HTTP/1.1" 304 - "http://localhost:5000/api-docs/" "Mozilla/5.0 (Macintosh; Intel Mac OS X 10_15_7) AppleWebKit/605.1.15 (KHTML, like Gecko) Version/14.1.2 Safari/605.1.15"
::1 - - [10/Apr/2022:10:52:16 +0000] "GET /api-docs/swagger-ui-bundle.js HTTP/1.1" 304 - "http://localhost:5000/api-docs/" "Mozilla/5.0 (Macintosh; Intel Mac OS X 10_15_7) AppleWebKit/605.1.15 (KHTML, like Gecko) Version/14.1.2 Safari/605.1.15"
::1 - - [10/Apr/2022:10:52:21 +0000] "POST /api/users/register HTTP/1.1" 404 158 "http://localhost:5000/api-docs/" "Mozilla/5.0 (Macintosh; Intel Mac OS X 10_15_7) AppleWebKit/605.1.15 (KHTML, like Gecko) Version/14.1.2 Safari/605.1.15"
::1 - - [10/Apr/2022:10:55:57 +0000] "POST /api/users/register HTTP/1.1" 404 158 "http://localhost:5000/api-docs/" "Mozilla/5.0 (Macintosh; Intel Mac OS X 10_15_7) AppleWebKit/605.1.15 (KHTML, like Gecko) Version/14.1.2 Safari/605.1.15"
::1 - - [10/Apr/2022:10:56:06 +0000] "POST /api/users/register HTTP/1.1" 404 158 "http://localhost:5000/api-docs/" "Mozilla/5.0 (Macintosh; Intel Mac OS X 10_15_7) AppleWebKit/605.1.15 (KHTML, like Gecko) Version/14.1.2 Safari/605.1.15"
::1 - - [10/Apr/2022:10:56:15 +0000] "POST /api/users/register HTTP/1.1" 404 158 "http://localhost:5000/api-docs/" "Mozilla/5.0 (Macintosh; Intel Mac OS X 10_15_7) AppleWebKit/605.1.15 (KHTML, like Gecko) Version/14.1.2 Safari/605.1.15"
::1 - - [10/Apr/2022:10:56:17 +0000] "POST /api/users/register HTTP/1.1" 404 158 "http://localhost:5000/api-docs/" "Mozilla/5.0 (Macintosh; Intel Mac OS X 10_15_7) AppleWebKit/605.1.15 (KHTML, like Gecko) Version/14.1.2 Safari/605.1.15"
::1 - - [10/Apr/2022:10:57:11 +0000] "POST /api/users/register HTTP/1.1" 404 158 "http://localhost:5000/api-docs/" "Mozilla/5.0 (Macintosh; Intel Mac OS X 10_15_7) AppleWebKit/605.1.15 (KHTML, like Gecko) Version/14.1.2 Safari/605.1.15"
::1 - - [10/Apr/2022:10:57:15 +0000] "POST /api/users/register HTTP/1.1" 404 158 "http://localhost:5000/api-docs/" "Mozilla/5.0 (Macintosh; Intel Mac OS X 10_15_7) AppleWebKit/605.1.15 (KHTML, like Gecko) Version/14.1.2 Safari/605.1.15"
::1 - - [10/Apr/2022:10:57:16 +0000] "POST /api/users/register HTTP/1.1" 404 158 "http://localhost:5000/api-docs/" "Mozilla/5.0 (Macintosh; Intel Mac OS X 10_15_7) AppleWebKit/605.1.15 (KHTML, like Gecko) Version/14.1.2 Safari/605.1.15"
::1 - - [10/Apr/2022:10:57:17 +0000] "POST /api/users/register HTTP/1.1" 404 158 "http://localhost:5000/api-docs/" "Mozilla/5.0 (Macintosh; Intel Mac OS X 10_15_7) AppleWebKit/605.1.15 (KHTML, like Gecko) Version/14.1.2 Safari/605.1.15"
::1 - - [10/Apr/2022:10:57:18 +0000] "GET /api-docs/ HTTP/1.1" 200 3102 "-" "Mozilla/5.0 (Macintosh; Intel Mac OS X 10_15_7) AppleWebKit/605.1.15 (KHTML, like Gecko) Version/14.1.2 Safari/605.1.15"
::1 - - [10/Apr/2022:10:57:18 +0000] "GET /api-docs/swagger-ui-init.js HTTP/1.1" 304 - "http://localhost:5000/api-docs/" "Mozilla/5.0 (Macintosh; Intel Mac OS X 10_15_7) AppleWebKit/605.1.15 (KHTML, like Gecko) Version/14.1.2 Safari/605.1.15"
::1 - - [10/Apr/2022:10:57:18 +0000] "GET /api-docs/swagger-ui.css HTTP/1.1" 304 - "http://localhost:5000/api-docs/" "Mozilla/5.0 (Macintosh; Intel Mac OS X 10_15_7) AppleWebKit/605.1.15 (KHTML, like Gecko) Version/14.1.2 Safari/605.1.15"
::1 - - [10/Apr/2022:10:57:18 +0000] "GET /api-docs/swagger-ui-standalone-preset.js HTTP/1.1" 304 - "http://localhost:5000/api-docs/" "Mozilla/5.0 (Macintosh; Intel Mac OS X 10_15_7) AppleWebKit/605.1.15 (KHTML, like Gecko) Version/14.1.2 Safari/605.1.15"
::1 - - [10/Apr/2022:10:57:18 +0000] "GET /api-docs/swagger-ui-bundle.js HTTP/1.1" 304 - "http://localhost:5000/api-docs/" "Mozilla/5.0 (Macintosh; Intel Mac OS X 10_15_7) AppleWebKit/605.1.15 (KHTML, like Gecko) Version/14.1.2 Safari/605.1.15"
::1 - - [10/Apr/2022:10:57:24 +0000] "POST /api/users/register HTTP/1.1" 404 158 "http://localhost:5000/api-docs/" "Mozilla/5.0 (Macintosh; Intel Mac OS X 10_15_7) AppleWebKit/605.1.15 (KHTML, like Gecko) Version/14.1.2 Safari/605.1.15"
::1 - - [10/Apr/2022:10:57:38 +0000] "GET /api-docs/ HTTP/1.1" 200 3102 "-" "Mozilla/5.0 (Macintosh; Intel Mac OS X 10_15_7) AppleWebKit/605.1.15 (KHTML, like Gecko) Version/14.1.2 Safari/605.1.15"
::1 - - [10/Apr/2022:10:57:38 +0000] "GET /api-docs/swagger-ui.css HTTP/1.1" 304 - "http://localhost:5000/api-docs/" "Mozilla/5.0 (Macintosh; Intel Mac OS X 10_15_7) AppleWebKit/605.1.15 (KHTML, like Gecko) Version/14.1.2 Safari/605.1.15"
::1 - - [10/Apr/2022:10:57:38 +0000] "GET /api-docs/swagger-ui-init.js HTTP/1.1" 304 - "http://localhost:5000/api-docs/" "Mozilla/5.0 (Macintosh; Intel Mac OS X 10_15_7) AppleWebKit/605.1.15 (KHTML, like Gecko) Version/14.1.2 Safari/605.1.15"
::1 - - [10/Apr/2022:10:57:38 +0000] "GET /api-docs/swagger-ui-standalone-preset.js HTTP/1.1" 304 - "http://localhost:5000/api-docs/" "Mozilla/5.0 (Macintosh; Intel Mac OS X 10_15_7) AppleWebKit/605.1.15 (KHTML, like Gecko) Version/14.1.2 Safari/605.1.15"
::1 - - [10/Apr/2022:10:57:38 +0000] "GET /api-docs/swagger-ui-bundle.js HTTP/1.1" 304 - "http://localhost:5000/api-docs/" "Mozilla/5.0 (Macintosh; Intel Mac OS X 10_15_7) AppleWebKit/605.1.15 (KHTML, like Gecko) Version/14.1.2 Safari/605.1.15"
::1 - - [10/Apr/2022:10:57:43 +0000] "POST /api/users/register HTTP/1.1" 404 158 "http://localhost:5000/api-docs/" "Mozilla/5.0 (Macintosh; Intel Mac OS X 10_15_7) AppleWebKit/605.1.15 (KHTML, like Gecko) Version/14.1.2 Safari/605.1.15"
::1 - - [10/Apr/2022:10:58:29 +0000] "GET /api-docs/ HTTP/1.1" 200 3102 "-" "Mozilla/5.0 (Macintosh; Intel Mac OS X 10_15_7) AppleWebKit/605.1.15 (KHTML, like Gecko) Version/14.1.2 Safari/605.1.15"
::1 - - [10/Apr/2022:10:58:29 +0000] "GET /api-docs/swagger-ui.css HTTP/1.1" 304 - "http://localhost:5000/api-docs/" "Mozilla/5.0 (Macintosh; Intel Mac OS X 10_15_7) AppleWebKit/605.1.15 (KHTML, like Gecko) Version/14.1.2 Safari/605.1.15"
::1 - - [10/Apr/2022:10:58:29 +0000] "GET /api-docs/swagger-ui-init.js HTTP/1.1" 200 19899 "http://localhost:5000/api-docs/" "Mozilla/5.0 (Macintosh; Intel Mac OS X 10_15_7) AppleWebKit/605.1.15 (KHTML, like Gecko) Version/14.1.2 Safari/605.1.15"
::1 - - [10/Apr/2022:10:58:29 +0000] "GET /api-docs/swagger-ui-standalone-preset.js HTTP/1.1" 304 - "http://localhost:5000/api-docs/" "Mozilla/5.0 (Macintosh; Intel Mac OS X 10_15_7) AppleWebKit/605.1.15 (KHTML, like Gecko) Version/14.1.2 Safari/605.1.15"
::1 - - [10/Apr/2022:10:58:29 +0000] "GET /api-docs/swagger-ui-bundle.js HTTP/1.1" 304 - "http://localhost:5000/api-docs/" "Mozilla/5.0 (Macintosh; Intel Mac OS X 10_15_7) AppleWebKit/605.1.15 (KHTML, like Gecko) Version/14.1.2 Safari/605.1.15"
::1 - - [10/Apr/2022:10:59:23 +0000] "POST /api/auth/register HTTP/1.1" 500 2 "http://localhost:5000/api-docs/" "Mozilla/5.0 (Macintosh; Intel Mac OS X 10_15_7) AppleWebKit/605.1.15 (KHTML, like Gecko) Version/14.1.2 Safari/605.1.15"
::1 - - [10/Apr/2022:10:59:57 +0000] "POST /api/auth/register HTTP/1.1" 500 2 "http://localhost:5000/api-docs/" "Mozilla/5.0 (Macintosh; Intel Mac OS X 10_15_7) AppleWebKit/605.1.15 (KHTML, like Gecko) Version/14.1.2 Safari/605.1.15"
::1 - - [10/Apr/2022:10:59:58 +0000] "POST /api/auth/register HTTP/1.1" 500 2 "http://localhost:5000/api-docs/" "Mozilla/5.0 (Macintosh; Intel Mac OS X 10_15_7) AppleWebKit/605.1.15 (KHTML, like Gecko) Version/14.1.2 Safari/605.1.15"
::1 - - [10/Apr/2022:10:59:59 +0000] "POST /api/auth/register HTTP/1.1" 500 2 "http://localhost:5000/api-docs/" "Mozilla/5.0 (Macintosh; Intel Mac OS X 10_15_7) AppleWebKit/605.1.15 (KHTML, like Gecko) Version/14.1.2 Safari/605.1.15"
::1 - - [10/Apr/2022:10:59:59 +0000] "GET /api-docs/ HTTP/1.1" 200 3102 "-" "Mozilla/5.0 (Macintosh; Intel Mac OS X 10_15_7) AppleWebKit/605.1.15 (KHTML, like Gecko) Version/14.1.2 Safari/605.1.15"
::1 - - [10/Apr/2022:10:59:59 +0000] "GET /api-docs/swagger-ui.css HTTP/1.1" 304 - "http://localhost:5000/api-docs/" "Mozilla/5.0 (Macintosh; Intel Mac OS X 10_15_7) AppleWebKit/605.1.15 (KHTML, like Gecko) Version/14.1.2 Safari/605.1.15"
::1 - - [10/Apr/2022:10:59:59 +0000] "GET /api-docs/swagger-ui-init.js HTTP/1.1" 304 - "http://localhost:5000/api-docs/" "Mozilla/5.0 (Macintosh; Intel Mac OS X 10_15_7) AppleWebKit/605.1.15 (KHTML, like Gecko) Version/14.1.2 Safari/605.1.15"
::1 - - [10/Apr/2022:10:59:59 +0000] "GET /api-docs/swagger-ui-standalone-preset.js HTTP/1.1" 304 - "http://localhost:5000/api-docs/" "Mozilla/5.0 (Macintosh; Intel Mac OS X 10_15_7) AppleWebKit/605.1.15 (KHTML, like Gecko) Version/14.1.2 Safari/605.1.15"
::1 - - [10/Apr/2022:10:59:59 +0000] "GET /api-docs/swagger-ui-bundle.js HTTP/1.1" 304 - "http://localhost:5000/api-docs/" "Mozilla/5.0 (Macintosh; Intel Mac OS X 10_15_7) AppleWebKit/605.1.15 (KHTML, like Gecko) Version/14.1.2 Safari/605.1.15"
